<Alloy>
	<Window class="container" class="vgroup" title="Test Completed">
		<View width="100%" height="80%" class="vgroup">
			<Widget src="eal.widget.resultchart" id="chart" title="Result of your test"></Widget>
		</View>
		<Button class="btn top-buffer" id="btn_open_frontpage" onClick="goToIndex">To frontpage</Button>
	</Window>
</Alloy>